# JRE version: Java(TM) SE Runtime Environment (8.0_45-b14) (build 1.8.0_45-b14)
# Java VM: Java HotSpot(TM) 64-Bit Server VM (25.45-b02 mixed mode bsd-amd64 compressed oops)
Heap:
 PSYoungGen      total 58880K, used 42815K [0x0000000795580000, 0x0000000799d80000, 0x00000007c0000000)
  eden space 56832K, 71% used [0x0000000795580000,0x0000000797d6bd28,0x0000000798d00000)
  from space 2048K, 94% used [0x0000000799b80000,0x0000000799d64010,0x0000000799d80000)
  to   space 5120K, 0% used [0x0000000799380000,0x0000000799380000,0x0000000799880000)
 ParOldGen       total 72192K, used 15484K [0x0000000740000000, 0x0000000744680000, 0x0000000795580000)
  object space 72192K, 21% used [0x0000000740000000,0x0000000740f1f318,0x0000000744680000)
 Metaspace       used 24557K, capacity 26004K, committed 26240K, reserved 1071104K
  class space    used 3362K, capacity 3633K, committed 3712K, reserved 1048576K
GC Heap History (10 events):
Event: 1.451 GC heap before
{Heap before GC invocations=1 (full 0):
 PSYoungGen      total 38400K, used 29874K [0x0000000795580000, 0x0000000798000000, 0x00000007c0000000)
  eden space 33280K, 89% used [0x0000000795580000,0x00000007972ac8e8,0x0000000797600000)
  from space 5120K, 0% used [0x0000000797b00000,0x0000000797b00000,0x0000000798000000)
  to   space 5120K, 0% used [0x0000000797600000,0x0000000797600000,0x0000000797b00000)
 ParOldGen       total 87552K, used 0K [0x0000000740000000, 0x0000000745580000, 0x0000000795580000)
  object space 87552K, 0% used [0x0000000740000000,0x0000000740000000,0x0000000745580000)
 Metaspace       used 12959K, capacity 13414K, committed 13696K, reserved 1060864K
  class space    used 1728K, capacity 1886K, committed 1920K, reserved 1048576K
Event: 1.457 GC heap after
Heap after GC invocations=1 (full 0):
 PSYoungGen      total 38400K, used 3856K [0x0000000795580000, 0x0000000798000000, 0x00000007c0000000)
  eden space 33280K, 0% used [0x0000000795580000,0x0000000795580000,0x0000000797600000)
  from space 5120K, 75% used [0x0000000797600000,0x00000007979c4030,0x0000000797b00000)
  to   space 5120K, 0% used [0x0000000797b00000,0x0000000797b00000,0x0000000798000000)
 ParOldGen       total 87552K, used 80K [0x0000000740000000, 0x0000000745580000, 0x0000000795580000)
  object space 87552K, 0% used [0x0000000740000000,0x0000000740014010,0x0000000745580000)
 Metaspace       used 12959K, capacity 13414K, committed 13696K, reserved 1060864K
  class space    used 1728K, capacity 1886K, committed 1920K, reserved 1048576K
}
Event: 7.809 GC heap before
{Heap before GC invocations=2 (full 0):
 PSYoungGen      total 38400K, used 37136K [0x0000000795580000, 0x0000000798000000, 0x00000007c0000000)
  eden space 33280K, 100% used [0x0000000795580000,0x0000000797600000,0x0000000797600000)
  from space 5120K, 75% used [0x0000000797600000,0x00000007979c4030,0x0000000797b00000)
  to   space 5120K, 0% used [0x0000000797b00000,0x0000000797b00000,0x0000000798000000)
 ParOldGen       total 87552K, used 80K [0x0000000740000000, 0x0000000745580000, 0x0000000795580000)
  object space 87552K, 0% used [0x0000000740000000,0x0000000740014010,0x0000000745580000)
 Metaspace       used 19961K, capacity 20730K, committed 20864K, reserved 1067008K
  class space    used 2740K, capacity 2928K, committed 2944K, reserved 1048576K
Event: 7.824 GC heap after
Heap after GC invocations=2 (full 0):
 PSYoungGen      total 38400K, used 5114K [0x0000000795580000, 0x0000000798000000, 0x00000007c0000000)
  eden space 33280K, 0% used [0x0000000795580000,0x0000000795580000,0x0000000797600000)
  from space 5120K, 99% used [0x0000000797b00000,0x0000000797ffe880,0x0000000798000000)
  to   space 5120K, 0% used [0x0000000797600000,0x0000000797600000,0x0000000797b00000)
 ParOldGen       total 87552K, used 12803K [0x0000000740000000, 0x0000000745580000, 0x0000000795580000)
  object space 87552K, 14% used [0x0000000740000000,0x0000000740c80cc8,0x0000000745580000)
 Metaspace       used 19961K, capacity 20730K, committed 20864K, reserved 1067008K
  class space    used 2740K, capacity 2928K, committed 2944K, reserved 1048576K
}
Event: 8.015 GC heap before
{Heap before GC invocations=3 (full 0):
 PSYoungGen      total 38400K, used 7531K [0x0000000795580000, 0x0000000798000000, 0x00000007c0000000)
  eden space 33280K, 7% used [0x0000000795580000,0x00000007957dc768,0x0000000797600000)
  from space 5120K, 99% used [0x0000000797b00000,0x0000000797ffe880,0x0000000798000000)
  to   space 5120K, 0% used [0x0000000797600000,0x0000000797600000,0x0000000797b00000)
 ParOldGen       total 87552K, used 12803K [0x0000000740000000, 0x0000000745580000, 0x0000000795580000)
  object space 87552K, 14% used [0x0000000740000000,0x0000000740c80cc8,0x0000000745580000)
 Metaspace       used 20378K, capacity 21120K, committed 21248K, reserved 1067008K
  class space    used 2783K, capacity 2993K, committed 3072K, reserved 1048576K
Event: 8.024 GC heap after
Heap after GC invocations=3 (full 0):
 PSYoungGen      total 38400K, used 5098K [0x0000000795580000, 0x000000079a080000, 0x00000007c0000000)
  eden space 33280K, 0% used [0x0000000795580000,0x0000000795580000,0x0000000797600000)
  from space 5120K, 99% used [0x0000000797600000,0x0000000797afa890,0x0000000797b00000)
  to   space 5120K, 0% used [0x0000000799b80000,0x0000000799b80000,0x000000079a080000)
 ParOldGen       total 87552K, used 13191K [0x0000000740000000, 0x0000000745580000, 0x0000000795580000)
  object space 87552K, 15% used [0x0000000740000000,0x0000000740ce1dc8,0x0000000745580000)
 Metaspace       used 20378K, capacity 21120K, committed 21248K, reserved 1067008K
  class space    used 2783K, capacity 2993K, committed 3072K, reserved 1048576K
}
Event: 8.024 GC heap before
{Heap before GC invocations=4 (full 1):
 PSYoungGen      total 38400K, used 5098K [0x0000000795580000, 0x000000079a080000, 0x00000007c0000000)
  eden space 33280K, 0% used [0x0000000795580000,0x0000000795580000,0x0000000797600000)
  from space 5120K, 99% used [0x0000000797600000,0x0000000797afa890,0x0000000797b00000)
  to   space 5120K, 0% used [0x0000000799b80000,0x0000000799b80000,0x000000079a080000)
 ParOldGen       total 87552K, used 13191K [0x0000000740000000, 0x0000000745580000, 0x0000000795580000)
  object space 87552K, 15% used [0x0000000740000000,0x0000000740ce1dc8,0x0000000745580000)
 Metaspace       used 20378K, capacity 21120K, committed 21248K, reserved 1067008K
  class space    used 2783K, capacity 2993K, committed 3072K, reserved 1048576K
Event: 8.066 GC heap after
Heap after GC invocations=4 (full 1):
 PSYoungGen      total 38400K, used 0K [0x0000000795580000, 0x000000079a080000, 0x00000007c0000000)
  eden space 33280K, 0% used [0x0000000795580000,0x0000000795580000,0x0000000797600000)
  from space 5120K, 0% used [0x0000000797600000,0x0000000797600000,0x0000000797b00000)
  to   space 5120K, 0% used [0x0000000799b80000,0x0000000799b80000,0x000000079a080000)
 ParOldGen       total 72192K, used 15476K [0x0000000740000000, 0x0000000744680000, 0x0000000795580000)
  object space 72192K, 21% used [0x0000000740000000,0x0000000740f1d318,0x0000000744680000)
 Metaspace       used 20378K, capacity 21120K, committed 21248K, reserved 1067008K
  class space    used 2783K, capacity 2993K, committed 3072K, reserved 1048576K
}
Event: 13.719 GC heap before
{Heap before GC invocations=5 (full 1):
 PSYoungGen      total 38400K, used 33280K [0x0000000795580000, 0x000000079a080000, 0x00000007c0000000)
  eden space 33280K, 100% used [0x0000000795580000,0x0000000797600000,0x0000000797600000)
  from space 5120K, 0% used [0x0000000797600000,0x0000000797600000,0x0000000797b00000)
  to   space 5120K, 0% used [0x0000000799b80000,0x0000000799b80000,0x000000079a080000)
 ParOldGen       total 72192K, used 15476K [0x0000000740000000, 0x0000000744680000, 0x0000000795580000)
  object space 72192K, 21% used [0x0000000740000000,0x0000000740f1d318,0x0000000744680000)
 Metaspace       used 21973K, capacity 22894K, committed 23040K, reserved 1069056K
  class space    used 3000K, capacity 3228K, committed 3328K, reserved 1048576K
Event: 13.725 GC heap after
Heap after GC invocations=5 (full 1):
 PSYoungGen      total 58880K, used 1936K [0x0000000795580000, 0x0000000799d80000, 0x00000007c0000000)
  eden space 56832K, 0% used [0x0000000795580000,0x0000000795580000,0x0000000798d00000)
  from space 2048K, 94% used [0x0000000799b80000,0x0000000799d64010,0x0000000799d80000)
  to   space 5120K, 0% used [0x0000000799380000,0x0000000799380000,0x0000000799880000)
 ParOldGen       total 72192K, used 15484K [0x0000000740000000, 0x0000000744680000, 0x0000000795580000)
  object space 72192K, 21% used [0x0000000740000000,0x0000000740f1f318,0x0000000744680000)
 Metaspace       used 21973K, capacity 22894K, committed 23040K, reserved 1069056K
  class space    used 3000K, capacity 3228K, committed 3328K, reserved 1048576K
}

